<?xml version="1.0" encoding="UTF-8"?>
<coverage generated="1674783259458" clover="3.2.0">
  <project timestamp="1674783259458" name="All files">
    <metrics statements="45" coveredstatements="23" conditionals="8" coveredconditionals="4" methods="11" coveredmethods="9" elements="64" coveredelements="36" complexity="0" loc="45" ncloc="45" packages="1" files="1" classes="1"/>
    <file name="file_check.ts" path="/Users/edouard/Desktop/The-Speaking-Portal-Project/speaking-portal-project/src/test/file_check.ts">
      <metrics statements="45" coveredstatements="23" conditionals="8" coveredconditionals="4" methods="11" coveredmethods="9"/>
      <line num="2" count="1" type="stmt"/>
      <line num="4" count="1" type="stmt"/>
      <line num="6" count="1" type="stmt"/>
      <line num="20" count="0" type="stmt"/>
      <line num="22" count="0" type="stmt"/>
      <line num="23" count="0" type="stmt"/>
      <line num="24" count="0" type="stmt"/>
      <line num="27" count="0" type="stmt"/>
      <line num="28" count="0" type="stmt"/>
      <line num="29" count="0" type="stmt"/>
      <line num="39" count="0" type="stmt"/>
      <line num="42" count="1" type="stmt"/>
      <line num="54" count="2" type="stmt"/>
      <line num="56" count="1" type="stmt"/>
      <line num="58" count="0" type="stmt"/>
      <line num="60" count="0" type="stmt"/>
      <line num="63" count="1" type="stmt"/>
      <line num="74" count="0" type="stmt"/>
      <line num="75" count="0" type="stmt"/>
      <line num="77" count="0" type="stmt"/>
      <line num="80" count="0" type="stmt"/>
      <line num="81" count="0" type="stmt"/>
      <line num="84" count="1" type="stmt"/>
      <line num="93" count="1" type="cond" truecount="1" falsecount="1"/>
      <line num="94" count="0" type="stmt"/>
      <line num="96" count="1" type="stmt"/>
      <line num="98" count="0" type="stmt"/>
      <line num="101" count="1" type="stmt"/>
      <line num="111" count="1" type="stmt"/>
      <line num="112" count="1" type="stmt"/>
      <line num="113" count="1" type="cond" truecount="1" falsecount="1"/>
      <line num="114" count="1" type="stmt"/>
      <line num="116" count="0" type="stmt"/>
      <line num="122" count="1" type="stmt"/>
      <line num="124" count="1" type="cond" truecount="1" falsecount="1"/>
      <line num="125" count="0" type="stmt"/>
      <line num="127" count="1" type="stmt"/>
      <line num="129" count="0" type="stmt"/>
      <line num="132" count="1" type="stmt"/>
      <line num="134" count="1" type="stmt"/>
      <line num="135" count="1" type="stmt"/>
      <line num="136" count="1" type="cond" truecount="1" falsecount="1"/>
      <line num="137" count="1" type="stmt"/>
      <line num="139" count="0" type="stmt"/>
      <line num="140" count="0" type="stmt"/>
    </file>
  </project>
</coverage>
