TN:
SF:src/animationFactory/ffmpeg.ts
FN:6,ffmpegProcessor
FN:18,getWavFile
FN:22,getVideoExport
FNF:3
FNH:1
FNDA:2,ffmpegProcessor
FNDA:0,getWavFile
FNDA:0,getVideoExport
DA:4,1
DA:6,1
DA:7,2
DA:9,2
DA:10,1
DA:12,1
DA:16,1
DA:18,1
DA:19,0
DA:20,0
DA:22,1
DA:23,0
DA:40,0
LF:13
LH:9
BRDA:9,0,0,1
BRDA:9,0,1,1
BRF:2
BRH:2
end_of_record
TN:
SF:src/test/file_check.ts
FN:6,checkFiles
FN:42,doesFileExist
FN:63,isFileReadable
FN:84,isWavFile
FN:101,isWavFileValid
FN:111,(anonymous_29)
FN:112,(anonymous_30)
FN:122,isTextFileValid
FN:132,isTextEmpty
FN:134,(anonymous_37)
FN:135,(anonymous_38)
FNF:11
FNH:9
FNDA:0,checkFiles
FNDA:1,doesFileExist
FNDA:0,isFileReadable
FNDA:1,isWavFile
FNDA:1,isWavFileValid
FNDA:1,(anonymous_29)
FNDA:1,(anonymous_30)
FNDA:1,isTextFileValid
FNDA:1,isTextEmpty
FNDA:1,(anonymous_37)
FNDA:1,(anonymous_38)
DA:2,1
DA:4,1
DA:6,1
DA:20,0
DA:22,0
DA:23,0
DA:24,0
DA:27,0
DA:28,0
DA:29,0
DA:39,0
DA:42,1
DA:54,2
DA:56,1
DA:58,0
DA:60,0
DA:63,1
DA:74,0
DA:75,0
DA:77,0
DA:80,0
DA:81,0
DA:84,1
DA:93,1
DA:94,0
DA:96,1
DA:98,0
DA:101,1
DA:111,1
DA:112,1
DA:113,1
DA:114,1
DA:116,0
DA:122,1
DA:124,1
DA:125,0
DA:127,1
DA:129,0
DA:132,1
DA:134,1
DA:135,1
DA:136,1
DA:137,1
DA:139,0
DA:140,0
LF:45
LH:23
BRDA:93,0,0,0
BRDA:93,0,1,1
BRDA:113,1,0,1
BRDA:113,1,1,0
BRDA:124,2,0,0
BRDA:124,2,1,1
BRDA:136,3,0,1
BRDA:136,3,1,0
BRF:8
BRH:4
end_of_record
